Determining if the function log2 exists failed with the following output:
Change Dir: /home/darren/Desktop/Proooooj/LabProject/Code/Libraries/brotli-master/out/CMakeFiles/CMakeTmp

Run Build Command:"/usr/bin/make" "cmTC_2d8a8/fast"
/usr/bin/make -f CMakeFiles/cmTC_2d8a8.dir/build.make CMakeFiles/cmTC_2d8a8.dir/build
make[1]: Entering directory '/home/darren/Desktop/Proooooj/LabProject/Code/Libraries/brotli-master/out/CMakeFiles/CMakeTmp'
Building C object CMakeFiles/cmTC_2d8a8.dir/CheckFunctionExists.c.o
/usr/bin/cc   -DCHECK_FUNCTION_EXISTS=log2   -o CMakeFiles/cmTC_2d8a8.dir/CheckFunctionExists.c.o   -c /usr/share/cmake-3.9/Modules/CheckFunctionExists.c
<command-line>:0:23: warning: conflicting types for built-in function ‘log2’ [-Wbuiltin-declaration-mismatch]
/usr/share/cmake-3.9/Modules/CheckFunctionExists.c:7:3: note: in expansion of macro ‘CHECK_FUNCTION_EXISTS’
   CHECK_FUNCTION_EXISTS(void);
   ^~~~~~~~~~~~~~~~~~~~~
Linking C executable cmTC_2d8a8
/usr/bin/cmake -E cmake_link_script CMakeFiles/cmTC_2d8a8.dir/link.txt --verbose=1
/usr/bin/cc  -DCHECK_FUNCTION_EXISTS=log2    -rdynamic CMakeFiles/cmTC_2d8a8.dir/CheckFunctionExists.c.o  -o cmTC_2d8a8 
CMakeFiles/cmTC_2d8a8.dir/CheckFunctionExists.c.o: In function `main':
CheckFunctionExists.c:(.text+0x10): undefined reference to `log2'
collect2: error: ld returned 1 exit status
CMakeFiles/cmTC_2d8a8.dir/build.make:97: recipe for target 'cmTC_2d8a8' failed
make[1]: *** [cmTC_2d8a8] Error 1
make[1]: Leaving directory '/home/darren/Desktop/Proooooj/LabProject/Code/Libraries/brotli-master/out/CMakeFiles/CMakeTmp'
Makefile:126: recipe for target 'cmTC_2d8a8/fast' failed
make: *** [cmTC_2d8a8/fast] Error 2


